<?xml version="1.0" encoding="UTF-8"?>
<testsuite xmlns:xsi="http://www.w3.org/2001/XMLSchema-instance" xsi:noNamespaceSchemaLocation="https://maven.apache.org/surefire/maven-surefire-plugin/xsd/surefire-test-report-3.0.xsd" version="3.0" name="LifecyceTest" time="0.016" tests="2" errors="0" skipped="0" failures="0">
  <properties>
[...]
</properties>
  <testcase name="test1" classname="LifecyceTest" time="0.016">
    <system-out><![CDATA[beforeAllTests called
beforeEachTest called
test1 called
afterEachTest called
]]></system-out>
  </testcase>
  <testcase name="test2" classname="LifecyceTest" time="0">
    <system-out><![CDATA[beforeEachTest called
test2 called
afterEachTest called
]]></system-out>
  </testcase>
</testsuite>